-------------------------------------------------------------------------------
Test set: com.example.Reto3Jeremy1.Reto3Jeremy1ApplicationTests
-------------------------------------------------------------------------------
Tests run: 1, Failures: 0, Errors: 1, Skipped: 0, Time elapsed: 0.522 s <<< FAILURE! - in com.example.Reto3Jeremy1.Reto3Jeremy1ApplicationTests
com.example.Reto3Jeremy1.Reto3Jeremy1ApplicationTests  Time elapsed: 0.517 s  <<< ERROR!
java.lang.IllegalStateException: Unable to find a @SpringBootConfiguration, you need to use @ContextConfiguration or @SpringBootTest(classes=...) with your test

